<?xml version="1.0" encoding="UTF-8"?>
<!-- Generated by org.testng.reporters.JUnitXMLReporter -->
<testsuite hostname="HIPUNL105725" ignored="4" name="FlipCart Application Test Automation TestCases(failed)(failed)(failed)" tests="2" failures="1" timestamp="2021-05-17T13:59:58 IST" time="61.652" errors="0">
  <testcase name="verifyCartTest" time="0.796" classname="com.flipcart.qa.testcases.HomePageTest"/>
  <testcase name="removeCartItemsTest" time="30.297" classname="com.flipcart.qa.testcases.HomePageTest">
    <failure type="org.openqa.selenium.NoSuchElementException" message="no such element: Unable to locate element: {&amp;quot;method&amp;quot;:&amp;quot;xpath&amp;quot;,&amp;quot;selector&amp;quot;:&amp;quot;//*[text()=&amp;apos;Remove&amp;apos;]&amp;quot;}
  (Session info: chrome=90.0.4430.212)
For documentation on this error, please visit: https://www.seleniumhq.org/exceptions/no_such_element.html
Build info: version: &amp;apos;3.141.59&amp;apos;, revision: &amp;apos;e82be7d358&amp;apos;, time: &amp;apos;2018-11-14T08:25:53&amp;apos;
System info: host: &amp;apos;HIPUNL105725&amp;apos;, ip: &amp;apos;10.92.49.119&amp;apos;, os.name: &amp;apos;Windows 10&amp;apos;, os.arch: &amp;apos;amd64&amp;apos;, os.version: &amp;apos;10.0&amp;apos;, java.version: &amp;apos;1.8.0_291&amp;apos;
Driver info: org.openqa.selenium.chrome.ChromeDriver
Capabilities {acceptInsecureCerts: false, browserName: chrome, browserVersion: 90.0.4430.212, chrome: {chromedriverVersion: 90.0.4430.24 (4c6d850f087da..., userDataDir: C:\Users\sthorat2\AppData\L...}, goog:chromeOptions: {debuggerAddress: localhost:54387}, javascriptEnabled: true, networkConnectionEnabled: false, pageLoadStrategy: normal, platform: WINDOWS, platformName: WINDOWS, proxy: Proxy(), setWindowRect: true, strictFileInteractability: false, timeouts: {implicit: 0, pageLoad: 300000, script: 30000}, unhandledPromptBehavior: dismiss and notify, webauthn:extension:largeBlob: true, webauthn:virtualAuthenticators: true}
Session ID: 1d77f420e1e8d90117fcee487646f46e
*** Element info: {Using=xpath, value=//*[text()=&amp;apos;Remove&amp;apos;]}">
      <![CDATA[org.openqa.selenium.NoSuchElementException: no such element: Unable to locate element: {"method":"xpath","selector":"//*[text()='Remove']"}
  (Session info: chrome=90.0.4430.212)
For documentation on this error, please visit: https://www.seleniumhq.org/exceptions/no_such_element.html
Build info: version: '3.141.59', revision: 'e82be7d358', time: '2018-11-14T08:25:53'
System info: host: 'HIPUNL105725', ip: '10.92.49.119', os.name: 'Windows 10', os.arch: 'amd64', os.version: '10.0', java.version: '1.8.0_291'
Driver info: org.openqa.selenium.chrome.ChromeDriver
Capabilities {acceptInsecureCerts: false, browserName: chrome, browserVersion: 90.0.4430.212, chrome: {chromedriverVersion: 90.0.4430.24 (4c6d850f087da..., userDataDir: C:\Users\sthorat2\AppData\L...}, goog:chromeOptions: {debuggerAddress: localhost:54387}, javascriptEnabled: true, networkConnectionEnabled: false, pageLoadStrategy: normal, platform: WINDOWS, platformName: WINDOWS, proxy: Proxy(), setWindowRect: true, strictFileInteractability: false, timeouts: {implicit: 0, pageLoad: 300000, script: 30000}, unhandledPromptBehavior: dismiss and notify, webauthn:extension:largeBlob: true, webauthn:virtualAuthenticators: true}
Session ID: 1d77f420e1e8d90117fcee487646f46e
*** Element info: {Using=xpath, value=//*[text()='Remove']}
at org.openqa.selenium.remote.http.W3CHttpResponseCodec.createException(W3CHttpResponseCodec.java:187)
at org.openqa.selenium.remote.http.W3CHttpResponseCodec.decode(W3CHttpResponseCodec.java:122)
at org.openqa.selenium.remote.http.W3CHttpResponseCodec.decode(W3CHttpResponseCodec.java:49)
at org.openqa.selenium.remote.HttpCommandExecutor.execute(HttpCommandExecutor.java:158)
at org.openqa.selenium.remote.service.DriverCommandExecutor.execute(DriverCommandExecutor.java:83)
at org.openqa.selenium.remote.RemoteWebDriver.execute(RemoteWebDriver.java:552)
at org.openqa.selenium.remote.RemoteWebDriver.findElement(RemoteWebDriver.java:323)
at org.openqa.selenium.remote.RemoteWebDriver.findElementByXPath(RemoteWebDriver.java:428)
at org.openqa.selenium.By$ByXPath.findElement(By.java:353)
at org.openqa.selenium.remote.RemoteWebDriver.findElement(RemoteWebDriver.java:315)
at org.openqa.selenium.support.pagefactory.DefaultElementLocator.findElement(DefaultElementLocator.java:69)
at org.openqa.selenium.support.pagefactory.internal.LocatingElementHandler.invoke(LocatingElementHandler.java:38)
at com.sun.proxy.$Proxy9.click(Unknown Source)
at com.flipcart.qa.pages.HomePage.removeCartItems(HomePage.java:180)
at com.flipcart.qa.testcases.HomePageTest.removeCartItemsTest(HomePageTest.java:66)
at java.util.ArrayList.forEach(ArrayList.java:1259)
... Removed 31 stack frames]]>
    </failure>
  </testcase> <!-- removeCartItemsTest -->
  <testcase name="searchProductsTest" time="0.0" classname="com.flipcart.qa.testcases.HomePageTest">
    <ignored/>
  </testcase> <!-- searchProductsTest -->
  <testcase name="verifyHomePageTitleTest" time="0.0" classname="com.flipcart.qa.testcases.HomePageTest">
    <ignored/>
  </testcase> <!-- verifyHomePageTitleTest -->
  <testcase name="getAllTextFromMyAccountDropdownTest" time="0.0" classname="com.flipcart.qa.testcases.HomePageTest">
    <ignored/>
  </testcase> <!-- getAllTextFromMyAccountDropdownTest -->
  <testcase name="addMultipleProductsIntoCartAndVerifyTest" time="0.0" classname="com.flipcart.qa.testcases.HomePageTest">
    <ignored/>
  </testcase> <!-- addMultipleProductsIntoCartAndVerifyTest -->
</testsuite> <!-- FlipCart Application Test Automation TestCases(failed)(failed)(failed) -->
